<?xml version="1.0" encoding="UTF-8"?>
<!-- Generated by org.testng.reporters.JUnitXMLReporter -->
<testsuite hostname="MadhukarShyam" ignored="0" name="Default test" tests="7" failures="0" timestamp="23 Apr 2019 09:06:28 GMT" time="212.352" errors="0">
  <testcase name="AddVariants" time="38.365" classname="FlipkartSearchProduct.SearchProductFlipkart"/>
  <testcase name="AddVariants" time="24.734" classname="FlipkartSearchProduct.SearchProductFlipkart"/>
  <testcase name="AddVariants" time="31.294" classname="FlipkartSearchProduct.SearchProductFlipkart"/>
  <testcase name="AddVariants" time="27.792" classname="FlipkartSearchProduct.SearchProductFlipkart"/>
  <testcase name="AddVariants" time="31.945" classname="FlipkartSearchProduct.SearchProductFlipkart"/>
  <testcase name="AddVariants" time="28.424" classname="FlipkartSearchProduct.SearchProductFlipkart"/>
  <testcase name="AddVariants" time="29.097" classname="FlipkartSearchProduct.SearchProductFlipkart"/>
</testsuite> <!-- Default test -->
